<?xml version="1.0" encoding="UTF-8"?>
<!-- Generated by org.testng.reporters.JUnitReportReporter -->
<testsuite skipped="0" hostname="LAPTOP-8VD40C3U" name="script.Login_Logout_Test" tests="1" failures="0" timestamp="05 Oct 2020 03:59:12 GMT" time="13.661" errors="0">
  <testcase name="login_logout_Test" time="13.661" classname="script.Login_Logout_Test"/>
</testsuite> <!-- script.Login_Logout_Test -->
